\BOOKMARK [1][-]{section.1}{Overview}{}% 1
\BOOKMARK [1][-]{section.2}{Ondes gravitationnelles}{}% 2
\BOOKMARK [2][-]{subsection.2.1}{Introduction aux ondes gravitationnelles}{section.2}% 3
\BOOKMARK [2][-]{subsection.2.2}{Aper\347u des sources astrophysiques}{section.2}% 4
\BOOKMARK [2][-]{subsection.2.3}{Propri\351t\351s des ondes gravitationnelles et des CBC}{section.2}% 5
\BOOKMARK [2][-]{subsection.2.4}{Motivations pour la d\351tection}{section.2}% 6
\BOOKMARK [1][-]{section.3}{D\351tection des ondes gravitationelles}{}% 7
\BOOKMARK [2][-]{subsection.3.1}{Principe de d\351tection}{section.3}% 8
\BOOKMARK [2][-]{subsection.3.2}{Description des d\351tecteurs}{section.3}% 9
\BOOKMARK [3][-]{subsubsection.3.2.1}{R\351ponse d'un d\351tecteur d'ondes gravitationnelles}{subsection.3.2}% 10
\BOOKMARK [3][-]{subsubsection.3.2.2}{Horizon et range d'un d\351tecteur d'ondes gravitationnelles}{subsection.3.2}% 11
\BOOKMARK [2][-]{subsection.3.3}{R\351seau de d\351tecteur et localisation des sources}{section.3}% 12
\BOOKMARK [2][-]{subsection.3.4}{Publication d'alertes en ligne}{section.3}% 13
\BOOKMARK [2][-]{subsection.3.5}{Autres d\351tecteurs d'ondes gravitationnelles}{section.3}% 14
\BOOKMARK [1][-]{section.4}{Searching for CBC with MBTA}{}% 15
\BOOKMARK [2][-]{subsection.4.1}{Overview of the MBTA pipeline}{section.4}% 16
\BOOKMARK [2][-]{subsection.4.2}{Gating}{section.4}% 17
\BOOKMARK [2][-]{subsection.4.3}{Matched Filtering}{section.4}% 18
\BOOKMARK [2][-]{subsection.4.4}{PSD computation}{section.4}% 19
\BOOKMARK [2][-]{subsection.4.5}{Frequency range of the search}{section.4}% 20
\BOOKMARK [2][-]{subsection.4.6}{Multi-band analysis}{section.4}% 21
\BOOKMARK [3][-]{subsubsection.4.6.1}{Combining bands}{subsection.4.6}% 22
\BOOKMARK [2][-]{subsection.4.7}{MBTA parameter space and template bank generation}{section.4}% 23
\BOOKMARK [3][-]{subsubsection.4.7.1}{MBTA's O3 main template bank}{subsection.4.7}% 24
\BOOKMARK [3][-]{subsubsection.4.7.2}{MBTA's O4 template bank}{subsection.4.7}% 25
\BOOKMARK [2][-]{subsection.4.8}{Single detector triggers search}{section.4}% 26
\BOOKMARK [3][-]{subsubsection.4.8.1}{Signal consistency test: ^2}{subsection.4.8}% 27
\BOOKMARK [3][-]{subsubsection.4.8.2}{auto2 and rwSNR}{subsection.4.8}% 28
\BOOKMARK [3][-]{subsubsection.4.8.3}{Excess rate and ranking statistics}{subsection.4.8}% 29
\BOOKMARK [2][-]{subsection.4.9}{Coincidence search}{section.4}% 30
\BOOKMARK [2][-]{subsection.4.10}{Clustering}{section.4}% 31
\BOOKMARK [2][-]{subsection.4.11}{FAR computation during O3}{section.4}% 32
\BOOKMARK [3][-]{subsubsection.4.11.1}{FAR for a single search}{subsection.4.11}% 33
\BOOKMARK [3][-]{subsubsection.4.11.2}{Global search FAR}{subsection.4.11}% 34
\BOOKMARK [2][-]{subsection.4.12}{Probability of astrophysical origin and source classification}{section.4}% 35
\BOOKMARK [3][-]{subsubsection.4.12.1}{p_astro, p_source}{subsection.4.12}% 36
\BOOKMARK [3][-]{subsubsection.4.12.2}{hasNS, hasRemnant}{subsection.4.12}% 37
\BOOKMARK [3][-]{subsubsection.4.12.3}{Evolution for O4: FAR\(p_astro\)}{subsection.4.12}% 38
\BOOKMARK [1][-]{section.5}{Selecting single detector triggers}{}% 39
\BOOKMARK [2][-]{subsection.5.1}{Introduction}{section.5}% 40
\BOOKMARK [2][-]{subsection.5.2}{Ideal case of noise}{section.5}% 41
\BOOKMARK [2][-]{subsection.5.3}{Monte Carlo simulations of astrophysical signals}{section.5}% 42
\BOOKMARK [2][-]{subsection.5.4}{Defining the EM bright population for single detector triggers}{section.5}% 43
\BOOKMARK [2][-]{subsection.5.5}{Restraining the parameter space}{section.5}% 44
\BOOKMARK [2][-]{subsection.5.6}{Selection using the autoChi2}{section.5}% 45
\BOOKMARK [2][-]{subsection.5.7}{Selection using the excess rate}{section.5}% 46
\BOOKMARK [3][-]{subsubsection.5.7.1}{Which excess rate should we use?}{subsection.5.7}% 47
\BOOKMARK [3][-]{subsubsection.5.7.2}{Excess rate on EM bright single detector triggers}{subsection.5.7}% 48
\BOOKMARK [3][-]{subsubsection.5.7.3}{Excess rate on EM dark single detector triggers}{subsection.5.7}% 49
\BOOKMARK [2][-]{subsection.5.8}{Need of a larger cut on the excess rate and gating}{section.5}% 50
\BOOKMARK [2][-]{subsection.5.9}{Search sensitivity improvement}{section.5}% 51
\BOOKMARK [3][-]{subsubsection.5.9.1}{Computation of a new ER in anticipation for O4 bank}{subsection.5.9}% 52
\BOOKMARK [1][-]{section.6}{Assessing the significance of single detector triggers}{}% 53
\BOOKMARK [2][-]{subsection.6.1}{Extrapolating the observed background}{section.6}% 54
\BOOKMARK [2][-]{subsection.6.2}{Combining individual band triggers with random noise}{section.6}% 55
\BOOKMARK [2][-]{subsection.6.3}{Combining individual bands triggers with other triggers}{section.6}% 56
\BOOKMARK [1][-]{section.7}{Improving the rwSNR}{}% 57
\BOOKMARK [2][-]{subsection.7.1}{SNR dependency of the autoChi2}{section.7}% 58
\BOOKMARK [2][-]{subsection.7.2}{Mitigating the SNR dependence in the reweighting}{section.7}% 59
\BOOKMARK [1][-]{section.8}{Trigger rate and PSD fluctuations}{}% 60
\BOOKMARK [2][-]{subsection.8.1}{Triggers boosted by fluctuations of the PSD}{section.8}% 61
\BOOKMARK [3][-]{subsubsection.8.1.1}{Range drop around triggers}{subsection.8.1}% 62
\BOOKMARK [3][-]{subsubsection.8.1.2}{Range drop due to astrophysical signals}{subsection.8.1}% 63
\BOOKMARK [3][-]{subsubsection.8.1.3}{Time scale of the drop in range}{subsection.8.1}% 64
\BOOKMARK [2][-]{subsection.8.2}{Correcting the SNR for range fluctuations}{section.8}% 65
\BOOKMARK [2][-]{subsection.8.3}{Detector range: real data vs Gaussian noise}{section.8}% 66
\BOOKMARK [1][-]{section.9}{Single detector search during the begining of O4}{}% 67
\BOOKMARK [2][-]{subsection.9.1}{Effectiveness of the selection criteria}{section.9}% 68
\BOOKMARK [2][-]{subsection.9.2}{Background estimation for EM bright single detector triggers}{section.9}% 69
\BOOKMARK [1][-]{section.10}{Conclusion}{}% 70
